21:21:56.215 [main] INFO  testCases.TC001_UserRegistration - for verify_TC001_UserRegistration..
21:21:56.283 [main] INFO  testCases.TC001_UserRegistration - open registration page from Home page..
21:21:57.436 [main] INFO  testCases.TC001_UserRegistration - user details for registration ..
21:21:59.311 [main] INFO  testCases.TC001_UserRegistration - for validation of message..
21:21:59.372 [main] ERROR testCases.TC001_UserRegistration - Test Failed
21:21:59.372 [main] DEBUG testCases.TC001_UserRegistration - debug logs..
01:01:04.148 [main] INFO  testCases.TC001_UserRegistration - for verify_TC001_UserRegistration..
01:01:04.216 [main] INFO  testCases.TC001_UserRegistration - open registration page from Home page..
01:01:05.517 [main] INFO  testCases.TC001_UserRegistration - user details for registration ..
01:01:07.562 [main] INFO  testCases.TC001_UserRegistration - for validation of message..
01:01:07.612 [main] ERROR testCases.TC001_UserRegistration - Test Failed
01:01:07.612 [main] DEBUG testCases.TC001_UserRegistration - debug logs..
01:01:53.395 [main] INFO  testCases.TC001_UserRegistration - for verify_TC001_UserRegistration..
01:01:53.460 [main] INFO  testCases.TC001_UserRegistration - open registration page from Home page..
01:01:55.852 [main] INFO  testCases.TC001_UserRegistration - user details for registration ..
01:01:57.538 [main] INFO  testCases.TC001_UserRegistration - for validation of message..
01:01:57.588 [main] ERROR testCases.TC001_UserRegistration - Test Failed
01:01:57.588 [main] DEBUG testCases.TC001_UserRegistration - debug logs..
01:03:18.203 [main] INFO  testCases.TC001_UserRegistration - for verify_TC001_UserRegistration..
01:03:18.267 [main] INFO  testCases.TC001_UserRegistration - open registration page from Home page..
01:03:20.353 [main] INFO  testCases.TC001_UserRegistration - user details for registration ..
01:03:22.114 [main] INFO  testCases.TC001_UserRegistration - for validation of message..
01:03:22.165 [main] INFO  testCases.TC001_UserRegistration - ***** Finish TC001_UserRegistration*****..
01:04:00.757 [main] INFO  testCases.TC001_UserRegistration - for verify_TC001_UserRegistration..
01:04:00.824 [main] INFO  testCases.TC001_UserRegistration - open registration page from Home page..
01:04:02.962 [main] INFO  testCases.TC001_UserRegistration - user details for registration ..
01:04:05.017 [main] INFO  testCases.TC001_UserRegistration - for validation of message..
01:04:05.071 [main] INFO  testCases.TC001_UserRegistration - ***** Finish TC001_UserRegistration*****..
01:04:10.409 [main] INFO  testCases.TC001_UserRegistration - for verify_TC001_UserRegistration..
01:04:10.409 [main] INFO  testCases.TC001_UserRegistration - open registration page from Home page..
01:04:12.280 [main] INFO  testCases.TC001_UserRegistration - user details for registration ..
01:04:13.741 [main] INFO  testCases.TC001_UserRegistration - for validation of message..
01:04:13.782 [main] INFO  testCases.TC001_UserRegistration - ***** Finish TC001_UserRegistration*****..
01:04:19.364 [main] INFO  testCases.TC001_UserRegistration - for verify_TC001_UserRegistration..
01:04:19.364 [main] INFO  testCases.TC001_UserRegistration - open registration page from Home page..
01:04:23.820 [main] INFO  testCases.TC001_UserRegistration - user details for registration ..
01:04:25.203 [main] INFO  testCases.TC001_UserRegistration - for validation of message..
01:04:25.225 [main] INFO  testCases.TC001_UserRegistration - ***** Finish TC001_UserRegistration*****..
01:28:03.804 [main] INFO  testCases.TC001_UserRegistration - for verify_TC001_UserRegistration..
01:28:03.871 [main] INFO  testCases.TC001_UserRegistration - open registration page from Home page..
01:28:05.045 [main] INFO  testCases.TC001_UserRegistration - user details for registration ..
01:28:06.983 [main] INFO  testCases.TC001_UserRegistration - for validation of message..
01:28:07.045 [main] INFO  testCases.TC001_UserRegistration - ***** Finish TC001_UserRegistration*****..
02:47:18.891 [main] DEBUG org.testng.TestNG - suiteXmlPath: "D:\Eclipse Workspace\opencartV1.1\src\test\java\testCases\master.xml"
02:48:02.101 [main] DEBUG org.testng.TestNG - suiteXmlPath: "D:\Eclipse Workspace\opencartV1.1\src\test\java\testCases\master.xml"
02:48:30.742 [main] DEBUG org.testng.TestNG - suiteXmlPath: "D:\Eclipse Workspace\opencartV1.1\src\test\java\testCases\master.xml"
02:48:31.217 [main] INFO  org.testng.internal.Utils - [TestNG] Running:
  D:\Eclipse Workspace\opencartV1.1\src\test\java\testCases\master.xml

02:48:38.297 [main] INFO  testCases.TC002_LoginTest - *** TC002 Login Starting****
02:52:08.237 [main] DEBUG org.testng.TestNG - suiteXmlPath: "D:\Eclipse Workspace\opencartV1.1\src\test\java\testCases\master.xml"
02:52:08.743 [main] INFO  org.testng.internal.Utils - [TestNG] Running:
  D:\Eclipse Workspace\opencartV1.1\src\test\java\testCases\master.xml

02:52:13.338 [main] INFO  testCases.TC002_LoginTest - *** TC002 Login Starting****
02:52:15.510 [main] INFO  testCases.TC002_LoginTest - *** TC002 Login Finished****
02:53:20.124 [main] DEBUG org.testng.TestNG - suiteXmlPath: "D:\Eclipse Workspace\opencartV1.1\src\test\java\testCases\master.xml"
02:53:20.552 [main] INFO  org.testng.internal.Utils - [TestNG] Running:
  D:\Eclipse Workspace\opencartV1.1\src\test\java\testCases\master.xml

02:53:25.097 [main] INFO  testCases.TC001_UserRegistration - for verify_TC001_UserRegistration..
02:53:25.097 [main] INFO  testCases.TC001_UserRegistration - open registration page from Home page..
02:53:26.037 [main] INFO  testCases.TC001_UserRegistration - user details for registration ..
02:53:28.315 [main] INFO  testCases.TC001_UserRegistration - for validation of message..
02:53:28.368 [main] INFO  testCases.TC001_UserRegistration - ***** Finish TC001_UserRegistration*****..
02:54:32.767 [main] DEBUG org.testng.TestNG - suiteXmlPath: "D:\Eclipse Workspace\opencartV1.1\src\test\java\testCases\master.xml"
02:54:33.276 [main] INFO  org.testng.internal.Utils - [TestNG] Running:
  D:\Eclipse Workspace\opencartV1.1\src\test\java\testCases\master.xml

02:54:38.008 [main] INFO  testCases.TC001_UserRegistration - for verify_TC001_UserRegistration..
02:54:38.008 [main] INFO  testCases.TC001_UserRegistration - open registration page from Home page..
02:54:39.986 [main] INFO  testCases.TC001_UserRegistration - user details for registration ..
02:54:42.209 [main] INFO  testCases.TC001_UserRegistration - for validation of message..
02:54:42.308 [main] INFO  testCases.TC001_UserRegistration - ***** Finish TC001_UserRegistration*****..
01:28:30.746 [main] DEBUG org.testng.TestNG - suiteXmlPath: "D:\Eclipse Workspace\opencartV1.1\src\test\java\testCases\master.xml"
01:28:31.733 [main] INFO  org.testng.internal.Utils - [TestNG] Running:
  D:\Eclipse Workspace\opencartV1.1\src\test\java\testCases\master.xml

01:28:43.150 [main] INFO  testCases.TC001_UserRegistration - for verify_TC001_UserRegistration..
01:28:43.150 [main] INFO  testCases.TC001_UserRegistration - open registration page from Home page..
01:28:45.545 [main] INFO  testCases.TC001_UserRegistration - user details for registration ..
01:28:47.298 [main] INFO  testCases.TC001_UserRegistration - for validation of message..
01:28:47.371 [main] INFO  testCases.TC001_UserRegistration - ***** Finish TC001_UserRegistration*****..
01:36:00.746 [main] DEBUG org.testng.TestNG - suiteXmlPath: "D:\Eclipse Workspace\opencartV1.1\src\test\java\testCases\master.xml"
01:36:01.078 [main] INFO  org.testng.internal.Utils - [TestNG] Running:
  D:\Eclipse Workspace\opencartV1.1\src\test\java\testCases\master.xml

01:36:08.296 [main] INFO  testCases.TC001_UserRegistration - for verify_TC001_UserRegistration..
01:36:08.297 [main] INFO  testCases.TC001_UserRegistration - open registration page from Home page..
01:36:09.866 [main] INFO  testCases.TC001_UserRegistration - user details for registration ..
01:36:11.705 [main] INFO  testCases.TC001_UserRegistration - for validation of message..
01:36:12.494 [main] INFO  testCases.TC001_UserRegistration - ***** Finish TC001_UserRegistration*****..
01:55:54.370 [main] DEBUG org.testng.TestNG - suiteXmlPath: "D:\Eclipse Workspace\opencartV1.1\src\test\java\testCases\master.xml"
01:55:54.736 [main] INFO  org.testng.internal.Utils - [TestNG] Running:
  D:\Eclipse Workspace\opencartV1.1\src\test\java\testCases\master.xml

01:56:00.148 [main] INFO  testCases.TC001_UserRegistration - for verify_TC001_UserRegistration..
01:56:00.148 [main] INFO  testCases.TC001_UserRegistration - open registration page from Home page..
01:56:01.533 [main] INFO  testCases.TC001_UserRegistration - user details for registration ..
01:56:03.179 [main] INFO  testCases.TC001_UserRegistration - for validation of message..
01:56:04.544 [main] INFO  testCases.TC001_UserRegistration - ***** Finish TC001_UserRegistration*****..
01:56:32.139 [main] DEBUG org.testng.TestNG - suiteXmlPath: "D:\Eclipse Workspace\opencartV1.1\src\test\java\testCases\master.xml"
01:56:32.500 [main] INFO  org.testng.internal.Utils - [TestNG] Running:
  D:\Eclipse Workspace\opencartV1.1\src\test\java\testCases\master.xml

01:56:39.489 [main] INFO  testCases.TC001_UserRegistration - for verify_TC001_UserRegistration..
01:56:39.489 [main] INFO  testCases.TC001_UserRegistration - open registration page from Home page..
01:56:40.650 [main] INFO  testCases.TC001_UserRegistration - user details for registration ..
01:56:42.286 [main] INFO  testCases.TC001_UserRegistration - for validation of message..
01:56:45.808 [main] INFO  testCases.TC001_UserRegistration - ***** Finish TC001_UserRegistration*****..
01:59:43.619 [main] DEBUG org.testng.TestNG - suiteXmlPath: "D:\Eclipse Workspace\opencartV1.1\src\test\java\testCases\master.xml"
01:59:44.075 [main] INFO  org.testng.internal.Utils - [TestNG] Running:
  D:\Eclipse Workspace\opencartV1.1\src\test\java\testCases\master.xml

01:59:50.706 [main] INFO  testCases.TC002_LoginTest - *** TC002 Login Starting****
01:59:53.371 [main] INFO  testCases.TC002_LoginTest - *** TC002 Login Finished****
02:14:04.135 [main] DEBUG org.testng.TestNG - suiteXmlPath: "D:\Eclipse Workspace\opencartV1.1\src\test\java\testCases\master.xml"
02:14:44.751 [main] DEBUG org.testng.TestNG - suiteXmlPath: "D:\Eclipse Workspace\opencartV1.1\src\test\java\testCases\master.xml"
02:15:30.225 [main] DEBUG org.testng.TestNG - suiteXmlPath: "D:\Eclipse Workspace\opencartV1.1\src\test\java\testCases\master.xml"
02:15:30.779 [main] INFO  org.testng.internal.Utils - [TestNG] Running:
  D:\Eclipse Workspace\opencartV1.1\src\test\java\testCases\master.xml

02:15:36.713 [main] DEBUG org.apache.poi.openxml4j.opc.PackageRelationshipCollection - Parsing relationship: /xl/_rels/workbook.xml.rels
02:15:36.715 [main] DEBUG org.apache.poi.openxml4j.opc.PackageRelationshipCollection - Parsing relationship: /xl/worksheets/_rels/sheet1.xml.rels
02:15:36.718 [main] DEBUG org.apache.poi.openxml4j.opc.PackageRelationshipCollection - Parsing relationship: /_rels/.rels
02:15:37.763 [main] DEBUG org.apache.poi.openxml4j.opc.PackageRelationshipCollection - Parsing relationship: /xl/_rels/workbook.xml.rels
02:15:37.764 [main] DEBUG org.apache.poi.openxml4j.opc.PackageRelationshipCollection - Parsing relationship: /xl/worksheets/_rels/sheet1.xml.rels
02:15:37.765 [main] DEBUG org.apache.poi.openxml4j.opc.PackageRelationshipCollection - Parsing relationship: /_rels/.rels
02:15:37.789 [main] DEBUG org.apache.poi.openxml4j.opc.PackageRelationshipCollection - Parsing relationship: /xl/_rels/workbook.xml.rels
02:15:37.790 [main] DEBUG org.apache.poi.openxml4j.opc.PackageRelationshipCollection - Parsing relationship: /xl/worksheets/_rels/sheet1.xml.rels
02:15:37.791 [main] DEBUG org.apache.poi.openxml4j.opc.PackageRelationshipCollection - Parsing relationship: /_rels/.rels
02:15:37.824 [main] DEBUG org.apache.poi.openxml4j.opc.PackageRelationshipCollection - Parsing relationship: /xl/_rels/workbook.xml.rels
02:15:37.824 [main] DEBUG org.apache.poi.openxml4j.opc.PackageRelationshipCollection - Parsing relationship: /xl/worksheets/_rels/sheet1.xml.rels
02:15:37.825 [main] DEBUG org.apache.poi.openxml4j.opc.PackageRelationshipCollection - Parsing relationship: /_rels/.rels
02:15:37.843 [main] DEBUG org.apache.poi.openxml4j.opc.PackageRelationshipCollection - Parsing relationship: /xl/_rels/workbook.xml.rels
02:15:37.844 [main] DEBUG org.apache.poi.openxml4j.opc.PackageRelationshipCollection - Parsing relationship: /xl/worksheets/_rels/sheet1.xml.rels
02:15:37.845 [main] DEBUG org.apache.poi.openxml4j.opc.PackageRelationshipCollection - Parsing relationship: /_rels/.rels
02:15:37.861 [main] DEBUG org.apache.poi.openxml4j.opc.PackageRelationshipCollection - Parsing relationship: /xl/_rels/workbook.xml.rels
02:15:37.862 [main] DEBUG org.apache.poi.openxml4j.opc.PackageRelationshipCollection - Parsing relationship: /xl/worksheets/_rels/sheet1.xml.rels
02:15:37.862 [main] DEBUG org.apache.poi.openxml4j.opc.PackageRelationshipCollection - Parsing relationship: /_rels/.rels
02:19:53.215 [main] DEBUG org.testng.TestNG - suiteXmlPath: "D:\Eclipse Workspace\opencartV1.1\src\test\java\testCases\master.xml"
02:19:53.441 [main] INFO  org.testng.internal.Utils - [TestNG] Running:
  D:\Eclipse Workspace\opencartV1.1\src\test\java\testCases\master.xml

02:19:56.986 [main] DEBUG org.apache.poi.openxml4j.opc.PackageRelationshipCollection - Parsing relationship: /xl/_rels/workbook.xml.rels
02:19:56.989 [main] DEBUG org.apache.poi.openxml4j.opc.PackageRelationshipCollection - Parsing relationship: /xl/worksheets/_rels/sheet1.xml.rels
02:19:56.990 [main] DEBUG org.apache.poi.openxml4j.opc.PackageRelationshipCollection - Parsing relationship: /_rels/.rels
02:19:57.336 [main] DEBUG org.apache.poi.openxml4j.opc.PackageRelationshipCollection - Parsing relationship: /xl/_rels/workbook.xml.rels
02:19:57.337 [main] DEBUG org.apache.poi.openxml4j.opc.PackageRelationshipCollection - Parsing relationship: /xl/worksheets/_rels/sheet1.xml.rels
02:19:57.338 [main] DEBUG org.apache.poi.openxml4j.opc.PackageRelationshipCollection - Parsing relationship: /_rels/.rels
02:19:57.364 [main] DEBUG org.apache.poi.openxml4j.opc.PackageRelationshipCollection - Parsing relationship: /xl/_rels/workbook.xml.rels
02:19:57.364 [main] DEBUG org.apache.poi.openxml4j.opc.PackageRelationshipCollection - Parsing relationship: /xl/worksheets/_rels/sheet1.xml.rels
02:19:57.365 [main] DEBUG org.apache.poi.openxml4j.opc.PackageRelationshipCollection - Parsing relationship: /_rels/.rels
02:19:57.387 [main] DEBUG org.apache.poi.openxml4j.opc.PackageRelationshipCollection - Parsing relationship: /xl/_rels/workbook.xml.rels
02:19:57.388 [main] DEBUG org.apache.poi.openxml4j.opc.PackageRelationshipCollection - Parsing relationship: /xl/worksheets/_rels/sheet1.xml.rels
02:19:57.389 [main] DEBUG org.apache.poi.openxml4j.opc.PackageRelationshipCollection - Parsing relationship: /_rels/.rels
02:19:57.405 [main] DEBUG org.apache.poi.openxml4j.opc.PackageRelationshipCollection - Parsing relationship: /xl/_rels/workbook.xml.rels
02:19:57.405 [main] DEBUG org.apache.poi.openxml4j.opc.PackageRelationshipCollection - Parsing relationship: /xl/worksheets/_rels/sheet1.xml.rels
02:19:57.406 [main] DEBUG org.apache.poi.openxml4j.opc.PackageRelationshipCollection - Parsing relationship: /_rels/.rels
02:19:57.422 [main] DEBUG org.apache.poi.openxml4j.opc.PackageRelationshipCollection - Parsing relationship: /xl/_rels/workbook.xml.rels
02:19:57.423 [main] DEBUG org.apache.poi.openxml4j.opc.PackageRelationshipCollection - Parsing relationship: /xl/worksheets/_rels/sheet1.xml.rels
02:19:57.424 [main] DEBUG org.apache.poi.openxml4j.opc.PackageRelationshipCollection - Parsing relationship: /_rels/.rels
02:23:13.291 [main] DEBUG org.testng.TestNG - suiteXmlPath: "D:\Eclipse Workspace\opencartV1.1\src\test\java\testCases\master.xml"
02:23:13.515 [main] INFO  org.testng.internal.Utils - [TestNG] Running:
  D:\Eclipse Workspace\opencartV1.1\src\test\java\testCases\master.xml

02:23:17.167 [main] DEBUG org.apache.poi.openxml4j.opc.PackageRelationshipCollection - Parsing relationship: /xl/_rels/workbook.xml.rels
02:23:17.169 [main] DEBUG org.apache.poi.openxml4j.opc.PackageRelationshipCollection - Parsing relationship: /xl/worksheets/_rels/sheet1.xml.rels
02:23:17.170 [main] DEBUG org.apache.poi.openxml4j.opc.PackageRelationshipCollection - Parsing relationship: /_rels/.rels
02:23:17.544 [main] DEBUG org.apache.poi.openxml4j.opc.PackageRelationshipCollection - Parsing relationship: /xl/_rels/workbook.xml.rels
02:23:17.545 [main] DEBUG org.apache.poi.openxml4j.opc.PackageRelationshipCollection - Parsing relationship: /xl/worksheets/_rels/sheet1.xml.rels
02:23:17.546 [main] DEBUG org.apache.poi.openxml4j.opc.PackageRelationshipCollection - Parsing relationship: /_rels/.rels
02:23:17.567 [main] DEBUG org.apache.poi.openxml4j.opc.PackageRelationshipCollection - Parsing relationship: /xl/_rels/workbook.xml.rels
02:23:17.568 [main] DEBUG org.apache.poi.openxml4j.opc.PackageRelationshipCollection - Parsing relationship: /xl/worksheets/_rels/sheet1.xml.rels
02:23:17.569 [main] DEBUG org.apache.poi.openxml4j.opc.PackageRelationshipCollection - Parsing relationship: /_rels/.rels
02:23:17.595 [main] DEBUG org.apache.poi.openxml4j.opc.PackageRelationshipCollection - Parsing relationship: /xl/_rels/workbook.xml.rels
02:23:17.595 [main] DEBUG org.apache.poi.openxml4j.opc.PackageRelationshipCollection - Parsing relationship: /xl/worksheets/_rels/sheet1.xml.rels
02:23:17.596 [main] DEBUG org.apache.poi.openxml4j.opc.PackageRelationshipCollection - Parsing relationship: /_rels/.rels
02:23:17.613 [main] DEBUG org.apache.poi.openxml4j.opc.PackageRelationshipCollection - Parsing relationship: /xl/_rels/workbook.xml.rels
02:23:17.614 [main] DEBUG org.apache.poi.openxml4j.opc.PackageRelationshipCollection - Parsing relationship: /xl/worksheets/_rels/sheet1.xml.rels
02:23:17.614 [main] DEBUG org.apache.poi.openxml4j.opc.PackageRelationshipCollection - Parsing relationship: /_rels/.rels
02:23:17.630 [main] DEBUG org.apache.poi.openxml4j.opc.PackageRelationshipCollection - Parsing relationship: /xl/_rels/workbook.xml.rels
02:23:17.630 [main] DEBUG org.apache.poi.openxml4j.opc.PackageRelationshipCollection - Parsing relationship: /xl/worksheets/_rels/sheet1.xml.rels
02:23:17.631 [main] DEBUG org.apache.poi.openxml4j.opc.PackageRelationshipCollection - Parsing relationship: /_rels/.rels
02:29:09.244 [main] DEBUG org.testng.TestNG - suiteXmlPath: "C:\Users\Mohit\AppData\Local\Temp\testng-eclipse-187413165\testng-customsuite.xml"
02:29:09.457 [main] INFO  org.testng.internal.Utils - [Utils] MethodGroupsHelper.collectMethodsByGroup() took 0 ms.
02:29:09.459 [main] INFO  org.testng.internal.Utils - [Utils] MethodGroupsHelper.sortMethods() took 0 ms.
02:29:09.461 [main] INFO  org.testng.internal.Utils - [Utils] MethodGroupsHelper.collectMethodsByGroup() took 0 ms.
02:29:09.461 [main] INFO  org.testng.internal.Utils - [Utils] MethodGroupsHelper.sortMethods() took 0 ms.
02:29:09.465 [main] INFO  org.testng.internal.Utils - [Utils] MethodGroupsHelper.collectMethodsByGroup() took 1 ms.
02:29:09.473 [main] INFO  org.testng.internal.Utils - [Utils] MethodGroupsHelper.sortMethods() took 7 ms.
02:29:09.474 [main] INFO  org.testng.internal.Utils - [Utils] MethodGroupsHelper.collectMethodsByGroup() took 0 ms.
02:29:09.475 [main] INFO  org.testng.internal.Utils - [Utils] MethodGroupsHelper.sortMethods() took 0 ms.
02:29:09.475 [main] INFO  org.testng.internal.Utils - [Utils] MethodGroupsHelper.collectMethodsByGroup() took 0 ms.
02:29:09.475 [main] INFO  org.testng.internal.Utils - [Utils] MethodGroupsHelper.sortMethods() took 0 ms.
02:29:09.476 [main] INFO  org.testng.internal.Utils - [Utils] MethodGroupsHelper.collectMethodsByGroup() took 0 ms.
02:29:09.476 [main] INFO  org.testng.internal.Utils - [Utils] MethodGroupsHelper.sortMethods() took 0 ms.
02:29:09.477 [main] INFO  org.testng.internal.Utils - [Utils] MethodGroupsHelper.collectMethodsByGroup() took 0 ms.
02:29:09.477 [main] INFO  org.testng.internal.Utils - [Utils] MethodGroupsHelper.sortMethods() took 0 ms.
02:29:09.477 [main] INFO  org.testng.internal.Utils - [Utils] MethodGroupsHelper.collectMethodsByGroup() took 0 ms.
02:29:09.477 [main] INFO  org.testng.internal.Utils - [Utils] MethodGroupsHelper.sortMethods() took 0 ms.
02:29:09.481 [main] INFO  org.testng.internal.Utils - [Utils] MethodGroupsHelper.collectMethodsByGroup() took 0 ms.
02:29:09.481 [main] INFO  org.testng.internal.Utils - [Utils] MethodGroupsHelper.sortMethods() took 0 ms.
02:29:09.481 [main] INFO  org.testng.internal.Utils - [Utils] MethodGroupsHelper.collectMethodsByGroup() took 0 ms.
02:29:09.481 [main] INFO  org.testng.internal.Utils - [Utils] MethodGroupsHelper.sortMethods() took 0 ms.
02:29:09.483 [main] INFO  org.testng.internal.Utils - [Utils] MethodGroupsHelper.collectMethodsByGroup() took 0 ms.
02:29:09.483 [main] INFO  org.testng.internal.Utils - [Utils] MethodGroupsHelper.sortMethods() took 0 ms.
02:29:09.484 [main] INFO  org.testng.internal.Utils - [Utils] MethodGroupsHelper.collectMethodsByGroup() took 0 ms.
02:29:09.484 [main] INFO  org.testng.internal.Utils - [Utils] MethodGroupsHelper.sortMethods() took 0 ms.
02:29:09.486 [main] INFO  org.testng.internal.Utils - [Utils] MethodGroupsHelper.collectMethodsByGroup() took 0 ms.
02:29:09.487 [main] INFO  org.testng.internal.Utils - [Utils] MethodGroupsHelper.sortMethods() took 0 ms.
02:29:09.489 [main] INFO  org.testng.internal.Utils - [Utils] MethodGroupsHelper.collectMethodsByGroup() took 0 ms.
02:29:09.490 [main] INFO  org.testng.internal.Utils - [Utils] MethodGroupsHelper.sortMethods() took 0 ms.
02:29:09.490 [main] INFO  org.testng.internal.Utils - [Utils] MethodGroupsHelper.collectMethodsByGroup() took 0 ms.
02:29:09.490 [main] INFO  org.testng.internal.Utils - [Utils] MethodGroupsHelper.sortMethods() took 0 ms.
02:29:09.501 [main] INFO  org.testng.internal.Utils - [TestNG] Running:
  C:\Users\Mohit\AppData\Local\Temp\testng-eclipse-187413165\testng-customsuite.xml

02:29:09.550 [main] INFO  org.testng.internal.Utils - [Utils] DynamicGraphHelper.createDynamicGraph() took 2 ms.
02:29:09.668 [main] DEBUG org.apache.poi.openxml4j.opc.PackageRelationshipCollection - Parsing relationship: /xl/_rels/workbook.xml.rels
02:29:09.672 [main] DEBUG org.apache.poi.openxml4j.opc.PackageRelationshipCollection - Parsing relationship: /xl/worksheets/_rels/sheet1.xml.rels
02:29:09.673 [main] DEBUG org.apache.poi.openxml4j.opc.PackageRelationshipCollection - Parsing relationship: /_rels/.rels
02:29:10.040 [main] DEBUG org.apache.poi.openxml4j.opc.PackageRelationshipCollection - Parsing relationship: /xl/_rels/workbook.xml.rels
02:29:10.043 [main] DEBUG org.apache.poi.openxml4j.opc.PackageRelationshipCollection - Parsing relationship: /xl/worksheets/_rels/sheet1.xml.rels
02:29:10.044 [main] DEBUG org.apache.poi.openxml4j.opc.PackageRelationshipCollection - Parsing relationship: /_rels/.rels
02:29:10.070 [main] DEBUG org.apache.poi.openxml4j.opc.PackageRelationshipCollection - Parsing relationship: /xl/_rels/workbook.xml.rels
02:29:10.071 [main] DEBUG org.apache.poi.openxml4j.opc.PackageRelationshipCollection - Parsing relationship: /xl/worksheets/_rels/sheet1.xml.rels
02:29:10.072 [main] DEBUG org.apache.poi.openxml4j.opc.PackageRelationshipCollection - Parsing relationship: /_rels/.rels
02:29:10.105 [main] DEBUG org.apache.poi.openxml4j.opc.PackageRelationshipCollection - Parsing relationship: /xl/_rels/workbook.xml.rels
02:29:10.106 [main] DEBUG org.apache.poi.openxml4j.opc.PackageRelationshipCollection - Parsing relationship: /xl/worksheets/_rels/sheet1.xml.rels
02:29:10.107 [main] DEBUG org.apache.poi.openxml4j.opc.PackageRelationshipCollection - Parsing relationship: /_rels/.rels
02:29:10.128 [main] DEBUG org.apache.poi.openxml4j.opc.PackageRelationshipCollection - Parsing relationship: /xl/_rels/workbook.xml.rels
02:29:10.129 [main] DEBUG org.apache.poi.openxml4j.opc.PackageRelationshipCollection - Parsing relationship: /xl/worksheets/_rels/sheet1.xml.rels
02:29:10.130 [main] DEBUG org.apache.poi.openxml4j.opc.PackageRelationshipCollection - Parsing relationship: /_rels/.rels
02:29:10.151 [main] DEBUG org.apache.poi.openxml4j.opc.PackageRelationshipCollection - Parsing relationship: /xl/_rels/workbook.xml.rels
02:29:10.152 [main] DEBUG org.apache.poi.openxml4j.opc.PackageRelationshipCollection - Parsing relationship: /xl/worksheets/_rels/sheet1.xml.rels
02:29:10.154 [main] DEBUG org.apache.poi.openxml4j.opc.PackageRelationshipCollection - Parsing relationship: /_rels/.rels
02:29:10.174 [main] ERROR org.testng.internal.Utils - [Error] java.lang.ArrayIndexOutOfBoundsException: Index 3 out of bounds for length 3
	at utilities.DataProviders.getdata(DataProviders.java:25)
	at java.base/jdk.internal.reflect.DirectMethodHandleAccessor.invoke(DirectMethodHandleAccessor.java:103)
	at java.base/java.lang.reflect.Method.invoke(Method.java:580)
	at org.testng.internal.invokers.MethodInvocationHelper.invokeMethod(MethodInvocationHelper.java:141)
	at org.testng.internal.invokers.MethodInvocationHelper.invokeMethod(MethodInvocationHelper.java:86)
	at org.testng.internal.invokers.MethodInvocationHelper.invokeMethodNoCheckedException(MethodInvocationHelper.java:54)
	at org.testng.internal.invokers.MethodInvocationHelper.invokeDataProvider(MethodInvocationHelper.java:159)
	at org.testng.internal.Parameters.handleParameters(Parameters.java:809)
	at org.testng.internal.Parameters.handleParameters(Parameters.java:734)
	at org.testng.internal.invokers.ParameterHandler.handleParameters(ParameterHandler.java:72)
	at org.testng.internal.invokers.ParameterHandler.createParameters(ParameterHandler.java:51)
	at org.testng.internal.invokers.TestInvoker$MethodInvocationAgent.invoke(TestInvoker.java:946)
	at org.testng.internal.invokers.TestInvoker.invokeTestMethods(TestInvoker.java:203)
	at org.testng.internal.invokers.TestMethodWorker.invokeTestMethods(TestMethodWorker.java:154)
	at org.testng.internal.invokers.TestMethodWorker.run(TestMethodWorker.java:134)
	at java.base/java.util.ArrayList.forEach(ArrayList.java:1596)
	at org.testng.TestRunner.privateRun(TestRunner.java:739)
	at org.testng.TestRunner.run(TestRunner.java:614)
	at org.testng.SuiteRunner.runTest(SuiteRunner.java:421)
	at org.testng.SuiteRunner.runSequentially(SuiteRunner.java:413)
	at org.testng.SuiteRunner.privateRun(SuiteRunner.java:373)
	at org.testng.SuiteRunner.run(SuiteRunner.java:312)
	at org.testng.SuiteRunnerWorker.runSuite(SuiteRunnerWorker.java:52)
	at org.testng.SuiteRunnerWorker.run(SuiteRunnerWorker.java:95)
	at org.testng.TestNG.runSuitesSequentially(TestNG.java:1274)
	at org.testng.TestNG.runSuitesLocally(TestNG.java:1208)
	at org.testng.TestNG.runSuites(TestNG.java:1112)
	at org.testng.TestNG.run(TestNG.java:1079)
	at org.testng.remote.AbstractRemoteTestNG.run(AbstractRemoteTestNG.java:115)
	at org.testng.remote.RemoteTestNG.initAndRun(RemoteTestNG.java:293)
	at org.testng.remote.RemoteTestNG.main(RemoteTestNG.java:91)

02:29:10.285 [main] INFO  org.testng.internal.Utils - [TestNG] Time taken by org.testng.reporters.jq.Main@2fc07784: 44 ms
02:29:10.299 [main] INFO  org.testng.internal.Utils - [TestNG] Time taken by org.testng.reporters.FailedReporter@293cde83: 13 ms
02:29:10.308 [main] INFO  org.testng.internal.Utils - [TestNG] Time taken by org.testng.reporters.XMLReporter@248deced: 9 ms
02:29:10.314 [main] INFO  org.testng.internal.Utils - [TestNG] Time taken by org.testng.reporters.EmailableReporter2@bdc8014: 6 ms
02:29:10.324 [main] INFO  org.testng.internal.Utils - [TestNG] Time taken by org.testng.reporters.JUnitReportReporter@28d79cba: 9 ms
02:29:10.325 [main] INFO  org.testng.internal.Utils - [TestNG] Time taken by org.testng.internal.ExitCodeListener@782168b7: 0 ms
02:31:12.361 [main] DEBUG org.testng.TestNG - suiteXmlPath: "C:\Users\Mohit\AppData\Local\Temp\testng-eclipse-1981698145\testng-customsuite.xml"
02:31:12.558 [main] INFO  org.testng.internal.Utils - [Utils] MethodGroupsHelper.collectMethodsByGroup() took 0 ms.
02:31:12.561 [main] INFO  org.testng.internal.Utils - [Utils] MethodGroupsHelper.sortMethods() took 1 ms.
02:31:12.562 [main] INFO  org.testng.internal.Utils - [Utils] MethodGroupsHelper.collectMethodsByGroup() took 0 ms.
02:31:12.562 [main] INFO  org.testng.internal.Utils - [Utils] MethodGroupsHelper.sortMethods() took 0 ms.
02:31:12.565 [main] INFO  org.testng.internal.Utils - [Utils] MethodGroupsHelper.collectMethodsByGroup() took 2 ms.
02:31:12.572 [main] INFO  org.testng.internal.Utils - [Utils] MethodGroupsHelper.sortMethods() took 7 ms.
02:31:12.574 [main] INFO  org.testng.internal.Utils - [Utils] MethodGroupsHelper.collectMethodsByGroup() took 0 ms.
02:31:12.574 [main] INFO  org.testng.internal.Utils - [Utils] MethodGroupsHelper.sortMethods() took 0 ms.
02:31:12.574 [main] INFO  org.testng.internal.Utils - [Utils] MethodGroupsHelper.collectMethodsByGroup() took 0 ms.
02:31:12.575 [main] INFO  org.testng.internal.Utils - [Utils] MethodGroupsHelper.sortMethods() took 0 ms.
02:31:12.575 [main] INFO  org.testng.internal.Utils - [Utils] MethodGroupsHelper.collectMethodsByGroup() took 0 ms.
02:31:12.575 [main] INFO  org.testng.internal.Utils - [Utils] MethodGroupsHelper.sortMethods() took 0 ms.
02:31:12.575 [main] INFO  org.testng.internal.Utils - [Utils] MethodGroupsHelper.collectMethodsByGroup() took 0 ms.
02:31:12.575 [main] INFO  org.testng.internal.Utils - [Utils] MethodGroupsHelper.sortMethods() took 0 ms.
02:31:12.576 [main] INFO  org.testng.internal.Utils - [Utils] MethodGroupsHelper.collectMethodsByGroup() took 0 ms.
02:31:12.576 [main] INFO  org.testng.internal.Utils - [Utils] MethodGroupsHelper.sortMethods() took 0 ms.
02:31:12.578 [main] INFO  org.testng.internal.Utils - [Utils] MethodGroupsHelper.collectMethodsByGroup() took 0 ms.
02:31:12.579 [main] INFO  org.testng.internal.Utils - [Utils] MethodGroupsHelper.sortMethods() took 0 ms.
02:31:12.579 [main] INFO  org.testng.internal.Utils - [Utils] MethodGroupsHelper.collectMethodsByGroup() took 0 ms.
02:31:12.579 [main] INFO  org.testng.internal.Utils - [Utils] MethodGroupsHelper.sortMethods() took 0 ms.
02:31:12.581 [main] INFO  org.testng.internal.Utils - [Utils] MethodGroupsHelper.collectMethodsByGroup() took 0 ms.
02:31:12.581 [main] INFO  org.testng.internal.Utils - [Utils] MethodGroupsHelper.sortMethods() took 0 ms.
02:31:12.583 [main] INFO  org.testng.internal.Utils - [Utils] MethodGroupsHelper.collectMethodsByGroup() took 1 ms.
02:31:12.583 [main] INFO  org.testng.internal.Utils - [Utils] MethodGroupsHelper.sortMethods() took 0 ms.
02:31:12.585 [main] INFO  org.testng.internal.Utils - [Utils] MethodGroupsHelper.collectMethodsByGroup() took 0 ms.
02:31:12.585 [main] INFO  org.testng.internal.Utils - [Utils] MethodGroupsHelper.sortMethods() took 0 ms.
02:31:12.587 [main] INFO  org.testng.internal.Utils - [Utils] MethodGroupsHelper.collectMethodsByGroup() took 0 ms.
02:31:12.588 [main] INFO  org.testng.internal.Utils - [Utils] MethodGroupsHelper.sortMethods() took 0 ms.
02:31:12.588 [main] INFO  org.testng.internal.Utils - [Utils] MethodGroupsHelper.collectMethodsByGroup() took 0 ms.
02:31:12.588 [main] INFO  org.testng.internal.Utils - [Utils] MethodGroupsHelper.sortMethods() took 0 ms.
02:31:12.599 [main] INFO  org.testng.internal.Utils - [TestNG] Running:
  C:\Users\Mohit\AppData\Local\Temp\testng-eclipse-1981698145\testng-customsuite.xml

02:31:12.639 [main] INFO  org.testng.internal.Utils - [Utils] DynamicGraphHelper.createDynamicGraph() took 1 ms.
02:31:12.734 [main] INFO  org.testng.internal.Utils - [TestNG] Time taken by org.testng.reporters.jq.Main@305f7627: 48 ms
02:31:12.743 [main] INFO  org.testng.internal.Utils - [TestNG] Time taken by org.testng.reporters.FailedReporter@7829b776: 9 ms
02:31:12.749 [main] INFO  org.testng.internal.Utils - [TestNG] Time taken by org.testng.reporters.XMLReporter@20b5f2ac: 5 ms
02:31:12.757 [main] INFO  org.testng.internal.Utils - [TestNG] Time taken by org.testng.reporters.EmailableReporter2@4c51bb7: 8 ms
02:31:12.763 [main] INFO  org.testng.internal.Utils - [TestNG] Time taken by org.testng.reporters.JUnitReportReporter@6f603e89: 6 ms
02:31:12.763 [main] INFO  org.testng.internal.Utils - [TestNG] Time taken by org.testng.internal.ExitCodeListener@2756c0a7: 0 ms
02:32:53.822 [main] DEBUG org.testng.TestNG - suiteXmlPath: "D:\Eclipse Workspace\opencartV1.1\src\test\java\testCases\master.xml"
02:32:54.035 [main] INFO  org.testng.internal.Utils - [TestNG] Running:
  D:\Eclipse Workspace\opencartV1.1\src\test\java\testCases\master.xml

02:32:57.528 [main] INFO  testCases.TC001_UserRegistration - for verify_TC001_UserRegistration..
02:32:57.528 [main] INFO  testCases.TC001_UserRegistration - open registration page from Home page..
02:32:58.291 [main] INFO  testCases.TC001_UserRegistration - user details for registration ..
02:32:59.652 [main] INFO  testCases.TC001_UserRegistration - for validation of message..
02:33:02.682 [main] INFO  testCases.TC001_UserRegistration - ***** Finish TC001_UserRegistration*****..
02:34:57.146 [main] DEBUG org.testng.TestNG - suiteXmlPath: "D:\Eclipse Workspace\opencartV1.1\src\test\java\testCases\master.xml"
02:34:57.363 [main] INFO  org.testng.internal.Utils - [TestNG] Running:
  D:\Eclipse Workspace\opencartV1.1\src\test\java\testCases\master.xml

02:35:00.756 [main] DEBUG org.apache.poi.openxml4j.opc.PackageRelationshipCollection - Parsing relationship: /xl/_rels/workbook.xml.rels
02:35:00.760 [main] DEBUG org.apache.poi.openxml4j.opc.PackageRelationshipCollection - Parsing relationship: /xl/worksheets/_rels/sheet1.xml.rels
02:35:00.761 [main] DEBUG org.apache.poi.openxml4j.opc.PackageRelationshipCollection - Parsing relationship: /_rels/.rels
02:35:01.128 [main] DEBUG org.apache.poi.openxml4j.opc.PackageRelationshipCollection - Parsing relationship: /xl/_rels/workbook.xml.rels
02:35:01.129 [main] DEBUG org.apache.poi.openxml4j.opc.PackageRelationshipCollection - Parsing relationship: /xl/worksheets/_rels/sheet1.xml.rels
02:35:01.130 [main] DEBUG org.apache.poi.openxml4j.opc.PackageRelationshipCollection - Parsing relationship: /_rels/.rels
02:35:01.160 [main] DEBUG org.apache.poi.openxml4j.opc.PackageRelationshipCollection - Parsing relationship: /xl/_rels/workbook.xml.rels
02:35:01.161 [main] DEBUG org.apache.poi.openxml4j.opc.PackageRelationshipCollection - Parsing relationship: /xl/worksheets/_rels/sheet1.xml.rels
02:35:01.162 [main] DEBUG org.apache.poi.openxml4j.opc.PackageRelationshipCollection - Parsing relationship: /_rels/.rels
02:35:01.191 [main] DEBUG org.apache.poi.openxml4j.opc.PackageRelationshipCollection - Parsing relationship: /xl/_rels/workbook.xml.rels
02:35:01.192 [main] DEBUG org.apache.poi.openxml4j.opc.PackageRelationshipCollection - Parsing relationship: /xl/worksheets/_rels/sheet1.xml.rels
02:35:01.192 [main] DEBUG org.apache.poi.openxml4j.opc.PackageRelationshipCollection - Parsing relationship: /_rels/.rels
02:35:01.212 [main] DEBUG org.apache.poi.openxml4j.opc.PackageRelationshipCollection - Parsing relationship: /xl/_rels/workbook.xml.rels
02:35:01.213 [main] DEBUG org.apache.poi.openxml4j.opc.PackageRelationshipCollection - Parsing relationship: /xl/worksheets/_rels/sheet1.xml.rels
02:35:01.214 [main] DEBUG org.apache.poi.openxml4j.opc.PackageRelationshipCollection - Parsing relationship: /_rels/.rels
02:35:01.233 [main] DEBUG org.apache.poi.openxml4j.opc.PackageRelationshipCollection - Parsing relationship: /xl/_rels/workbook.xml.rels
02:35:01.234 [main] DEBUG org.apache.poi.openxml4j.opc.PackageRelationshipCollection - Parsing relationship: /xl/worksheets/_rels/sheet1.xml.rels
02:35:01.235 [main] DEBUG org.apache.poi.openxml4j.opc.PackageRelationshipCollection - Parsing relationship: /_rels/.rels
02:44:50.454 [main] DEBUG org.testng.TestNG - suiteXmlPath: "D:\Eclipse Workspace\opencartV1.1\src\test\java\testCases\master.xml"
02:44:50.673 [main] INFO  org.testng.internal.Utils - [TestNG] Running:
  D:\Eclipse Workspace\opencartV1.1\src\test\java\testCases\master.xml

02:44:54.452 [main] DEBUG org.apache.poi.openxml4j.opc.PackageRelationshipCollection - Parsing relationship: /xl/_rels/workbook.xml.rels
02:44:54.456 [main] DEBUG org.apache.poi.openxml4j.opc.PackageRelationshipCollection - Parsing relationship: /xl/worksheets/_rels/sheet1.xml.rels
02:44:54.457 [main] DEBUG org.apache.poi.openxml4j.opc.PackageRelationshipCollection - Parsing relationship: /_rels/.rels
02:44:54.830 [main] DEBUG org.apache.poi.openxml4j.opc.PackageRelationshipCollection - Parsing relationship: /xl/_rels/workbook.xml.rels
02:44:54.831 [main] DEBUG org.apache.poi.openxml4j.opc.PackageRelationshipCollection - Parsing relationship: /xl/worksheets/_rels/sheet1.xml.rels
02:44:54.832 [main] DEBUG org.apache.poi.openxml4j.opc.PackageRelationshipCollection - Parsing relationship: /_rels/.rels
02:44:54.854 [main] DEBUG org.apache.poi.openxml4j.opc.PackageRelationshipCollection - Parsing relationship: /xl/_rels/workbook.xml.rels
02:44:54.855 [main] DEBUG org.apache.poi.openxml4j.opc.PackageRelationshipCollection - Parsing relationship: /xl/worksheets/_rels/sheet1.xml.rels
02:44:54.855 [main] DEBUG org.apache.poi.openxml4j.opc.PackageRelationshipCollection - Parsing relationship: /_rels/.rels
02:44:54.882 [main] DEBUG org.apache.poi.openxml4j.opc.PackageRelationshipCollection - Parsing relationship: /xl/_rels/workbook.xml.rels
02:44:54.883 [main] DEBUG org.apache.poi.openxml4j.opc.PackageRelationshipCollection - Parsing relationship: /xl/worksheets/_rels/sheet1.xml.rels
02:44:54.884 [main] DEBUG org.apache.poi.openxml4j.opc.PackageRelationshipCollection - Parsing relationship: /_rels/.rels
02:44:54.902 [main] DEBUG org.apache.poi.openxml4j.opc.PackageRelationshipCollection - Parsing relationship: /xl/_rels/workbook.xml.rels
02:44:54.902 [main] DEBUG org.apache.poi.openxml4j.opc.PackageRelationshipCollection - Parsing relationship: /xl/worksheets/_rels/sheet1.xml.rels
02:44:54.903 [main] DEBUG org.apache.poi.openxml4j.opc.PackageRelationshipCollection - Parsing relationship: /_rels/.rels
02:44:54.921 [main] DEBUG org.apache.poi.openxml4j.opc.PackageRelationshipCollection - Parsing relationship: /xl/_rels/workbook.xml.rels
02:44:54.922 [main] DEBUG org.apache.poi.openxml4j.opc.PackageRelationshipCollection - Parsing relationship: /xl/worksheets/_rels/sheet1.xml.rels
02:44:54.923 [main] DEBUG org.apache.poi.openxml4j.opc.PackageRelationshipCollection - Parsing relationship: /_rels/.rels
02:52:08.479 [main] DEBUG org.testng.TestNG - suiteXmlPath: "D:\Eclipse Workspace\opencartV1.1\src\test\java\testCases\master.xml"
02:52:08.698 [main] INFO  org.testng.internal.Utils - [TestNG] Running:
  D:\Eclipse Workspace\opencartV1.1\src\test\java\testCases\master.xml

02:52:12.295 [main] DEBUG org.apache.poi.openxml4j.opc.PackageRelationshipCollection - Parsing relationship: /xl/_rels/workbook.xml.rels
02:52:12.298 [main] DEBUG org.apache.poi.openxml4j.opc.PackageRelationshipCollection - Parsing relationship: /xl/worksheets/_rels/sheet1.xml.rels
02:52:12.299 [main] DEBUG org.apache.poi.openxml4j.opc.PackageRelationshipCollection - Parsing relationship: /_rels/.rels
02:52:12.664 [main] DEBUG org.apache.poi.openxml4j.opc.PackageRelationshipCollection - Parsing relationship: /xl/_rels/workbook.xml.rels
02:52:12.665 [main] DEBUG org.apache.poi.openxml4j.opc.PackageRelationshipCollection - Parsing relationship: /xl/worksheets/_rels/sheet1.xml.rels
02:52:12.667 [main] DEBUG org.apache.poi.openxml4j.opc.PackageRelationshipCollection - Parsing relationship: /_rels/.rels
02:52:12.691 [main] DEBUG org.apache.poi.openxml4j.opc.PackageRelationshipCollection - Parsing relationship: /xl/_rels/workbook.xml.rels
02:52:12.692 [main] DEBUG org.apache.poi.openxml4j.opc.PackageRelationshipCollection - Parsing relationship: /xl/worksheets/_rels/sheet1.xml.rels
02:52:12.693 [main] DEBUG org.apache.poi.openxml4j.opc.PackageRelationshipCollection - Parsing relationship: /_rels/.rels
02:52:12.722 [main] DEBUG org.apache.poi.openxml4j.opc.PackageRelationshipCollection - Parsing relationship: /xl/_rels/workbook.xml.rels
02:52:12.723 [main] DEBUG org.apache.poi.openxml4j.opc.PackageRelationshipCollection - Parsing relationship: /xl/worksheets/_rels/sheet1.xml.rels
02:52:12.724 [main] DEBUG org.apache.poi.openxml4j.opc.PackageRelationshipCollection - Parsing relationship: /_rels/.rels
02:52:12.750 [main] DEBUG org.apache.poi.openxml4j.opc.PackageRelationshipCollection - Parsing relationship: /xl/_rels/workbook.xml.rels
02:52:12.750 [main] DEBUG org.apache.poi.openxml4j.opc.PackageRelationshipCollection - Parsing relationship: /xl/worksheets/_rels/sheet1.xml.rels
02:52:12.752 [main] DEBUG org.apache.poi.openxml4j.opc.PackageRelationshipCollection - Parsing relationship: /_rels/.rels
02:52:12.770 [main] DEBUG org.apache.poi.openxml4j.opc.PackageRelationshipCollection - Parsing relationship: /xl/_rels/workbook.xml.rels
02:52:12.771 [main] DEBUG org.apache.poi.openxml4j.opc.PackageRelationshipCollection - Parsing relationship: /xl/worksheets/_rels/sheet1.xml.rels
02:52:12.771 [main] DEBUG org.apache.poi.openxml4j.opc.PackageRelationshipCollection - Parsing relationship: /_rels/.rels
02:58:21.479 [main] DEBUG org.testng.TestNG - suiteXmlPath: "D:\Eclipse Workspace\opencartV1.1\src\test\java\testCases\master.xml"
02:58:21.707 [main] INFO  org.testng.internal.Utils - [TestNG] Running:
  D:\Eclipse Workspace\opencartV1.1\src\test\java\testCases\master.xml

02:58:25.492 [main] DEBUG org.apache.poi.openxml4j.opc.PackageRelationshipCollection - Parsing relationship: /xl/_rels/workbook.xml.rels
02:58:25.496 [main] DEBUG org.apache.poi.openxml4j.opc.PackageRelationshipCollection - Parsing relationship: /xl/worksheets/_rels/sheet1.xml.rels
02:58:25.499 [main] DEBUG org.apache.poi.openxml4j.opc.PackageRelationshipCollection - Parsing relationship: /_rels/.rels
02:58:25.890 [main] DEBUG org.apache.poi.openxml4j.opc.PackageRelationshipCollection - Parsing relationship: /xl/_rels/workbook.xml.rels
02:58:25.891 [main] DEBUG org.apache.poi.openxml4j.opc.PackageRelationshipCollection - Parsing relationship: /xl/worksheets/_rels/sheet1.xml.rels
02:58:25.892 [main] DEBUG org.apache.poi.openxml4j.opc.PackageRelationshipCollection - Parsing relationship: /_rels/.rels
02:58:25.931 [main] DEBUG org.apache.poi.openxml4j.opc.PackageRelationshipCollection - Parsing relationship: /xl/_rels/workbook.xml.rels
02:58:25.932 [main] DEBUG org.apache.poi.openxml4j.opc.PackageRelationshipCollection - Parsing relationship: /xl/worksheets/_rels/sheet1.xml.rels
02:58:25.934 [main] DEBUG org.apache.poi.openxml4j.opc.PackageRelationshipCollection - Parsing relationship: /_rels/.rels
02:58:25.975 [main] DEBUG org.apache.poi.openxml4j.opc.PackageRelationshipCollection - Parsing relationship: /xl/_rels/workbook.xml.rels
02:58:25.977 [main] DEBUG org.apache.poi.openxml4j.opc.PackageRelationshipCollection - Parsing relationship: /xl/worksheets/_rels/sheet1.xml.rels
02:58:25.979 [main] DEBUG org.apache.poi.openxml4j.opc.PackageRelationshipCollection - Parsing relationship: /_rels/.rels
02:58:26.009 [main] DEBUG org.apache.poi.openxml4j.opc.PackageRelationshipCollection - Parsing relationship: /xl/_rels/workbook.xml.rels
02:58:26.011 [main] DEBUG org.apache.poi.openxml4j.opc.PackageRelationshipCollection - Parsing relationship: /xl/worksheets/_rels/sheet1.xml.rels
02:58:26.013 [main] DEBUG org.apache.poi.openxml4j.opc.PackageRelationshipCollection - Parsing relationship: /_rels/.rels
02:58:26.041 [main] DEBUG org.apache.poi.openxml4j.opc.PackageRelationshipCollection - Parsing relationship: /xl/_rels/workbook.xml.rels
02:58:26.042 [main] DEBUG org.apache.poi.openxml4j.opc.PackageRelationshipCollection - Parsing relationship: /xl/worksheets/_rels/sheet1.xml.rels
02:58:26.044 [main] DEBUG org.apache.poi.openxml4j.opc.PackageRelationshipCollection - Parsing relationship: /_rels/.rels
03:02:06.000 [main] DEBUG org.testng.TestNG - suiteXmlPath: "D:\Eclipse Workspace\opencartV1.1\src\test\java\testCases\master.xml"
03:02:06.226 [main] INFO  org.testng.internal.Utils - [TestNG] Running:
  D:\Eclipse Workspace\opencartV1.1\src\test\java\testCases\master.xml

03:02:09.694 [main] DEBUG org.apache.poi.openxml4j.opc.PackageRelationshipCollection - Parsing relationship: /xl/_rels/workbook.xml.rels
03:02:09.696 [main] DEBUG org.apache.poi.openxml4j.opc.PackageRelationshipCollection - Parsing relationship: /xl/worksheets/_rels/sheet1.xml.rels
03:02:09.698 [main] DEBUG org.apache.poi.openxml4j.opc.PackageRelationshipCollection - Parsing relationship: /_rels/.rels
03:02:10.040 [main] DEBUG org.apache.poi.openxml4j.opc.PackageRelationshipCollection - Parsing relationship: /xl/_rels/workbook.xml.rels
03:02:10.040 [main] DEBUG org.apache.poi.openxml4j.opc.PackageRelationshipCollection - Parsing relationship: /xl/worksheets/_rels/sheet1.xml.rels
03:02:10.041 [main] DEBUG org.apache.poi.openxml4j.opc.PackageRelationshipCollection - Parsing relationship: /_rels/.rels
03:02:10.064 [main] DEBUG org.apache.poi.openxml4j.opc.PackageRelationshipCollection - Parsing relationship: /xl/_rels/workbook.xml.rels
03:02:10.064 [main] DEBUG org.apache.poi.openxml4j.opc.PackageRelationshipCollection - Parsing relationship: /xl/worksheets/_rels/sheet1.xml.rels
03:02:10.065 [main] DEBUG org.apache.poi.openxml4j.opc.PackageRelationshipCollection - Parsing relationship: /_rels/.rels
03:02:10.095 [main] DEBUG org.apache.poi.openxml4j.opc.PackageRelationshipCollection - Parsing relationship: /xl/_rels/workbook.xml.rels
03:02:10.096 [main] DEBUG org.apache.poi.openxml4j.opc.PackageRelationshipCollection - Parsing relationship: /xl/worksheets/_rels/sheet1.xml.rels
03:02:10.097 [main] DEBUG org.apache.poi.openxml4j.opc.PackageRelationshipCollection - Parsing relationship: /_rels/.rels
03:02:10.115 [main] DEBUG org.apache.poi.openxml4j.opc.PackageRelationshipCollection - Parsing relationship: /xl/_rels/workbook.xml.rels
03:02:10.115 [main] DEBUG org.apache.poi.openxml4j.opc.PackageRelationshipCollection - Parsing relationship: /xl/worksheets/_rels/sheet1.xml.rels
03:02:10.116 [main] DEBUG org.apache.poi.openxml4j.opc.PackageRelationshipCollection - Parsing relationship: /_rels/.rels
03:02:10.131 [main] DEBUG org.apache.poi.openxml4j.opc.PackageRelationshipCollection - Parsing relationship: /xl/_rels/workbook.xml.rels
03:02:10.132 [main] DEBUG org.apache.poi.openxml4j.opc.PackageRelationshipCollection - Parsing relationship: /xl/worksheets/_rels/sheet1.xml.rels
03:02:10.133 [main] DEBUG org.apache.poi.openxml4j.opc.PackageRelationshipCollection - Parsing relationship: /_rels/.rels
03:09:57.392 [main] DEBUG org.testng.TestNG - suiteXmlPath: "C:\Users\Mohit\AppData\Local\Temp\testng-eclipse-870652759\testng-customsuite.xml"
03:09:57.582 [main] INFO  org.testng.internal.Utils - [Utils] MethodGroupsHelper.collectMethodsByGroup() took 0 ms.
03:09:57.585 [main] INFO  org.testng.internal.Utils - [Utils] MethodGroupsHelper.sortMethods() took 2 ms.
03:09:57.586 [main] INFO  org.testng.internal.Utils - [Utils] MethodGroupsHelper.collectMethodsByGroup() took 0 ms.
03:09:57.586 [main] INFO  org.testng.internal.Utils - [Utils] MethodGroupsHelper.sortMethods() took 0 ms.
03:09:57.589 [main] INFO  org.testng.internal.Utils - [Utils] MethodGroupsHelper.collectMethodsByGroup() took 2 ms.
03:09:57.596 [main] INFO  org.testng.internal.Utils - [Utils] MethodGroupsHelper.sortMethods() took 7 ms.
03:09:57.597 [main] INFO  org.testng.internal.Utils - [Utils] MethodGroupsHelper.collectMethodsByGroup() took 0 ms.
03:09:57.597 [main] INFO  org.testng.internal.Utils - [Utils] MethodGroupsHelper.sortMethods() took 0 ms.
03:09:57.598 [main] INFO  org.testng.internal.Utils - [Utils] MethodGroupsHelper.collectMethodsByGroup() took 0 ms.
03:09:57.598 [main] INFO  org.testng.internal.Utils - [Utils] MethodGroupsHelper.sortMethods() took 0 ms.
03:09:57.598 [main] INFO  org.testng.internal.Utils - [Utils] MethodGroupsHelper.collectMethodsByGroup() took 0 ms.
03:09:57.598 [main] INFO  org.testng.internal.Utils - [Utils] MethodGroupsHelper.sortMethods() took 0 ms.
03:09:57.599 [main] INFO  org.testng.internal.Utils - [Utils] MethodGroupsHelper.collectMethodsByGroup() took 0 ms.
03:09:57.599 [main] INFO  org.testng.internal.Utils - [Utils] MethodGroupsHelper.sortMethods() took 0 ms.
03:09:57.599 [main] INFO  org.testng.internal.Utils - [Utils] MethodGroupsHelper.collectMethodsByGroup() took 0 ms.
03:09:57.599 [main] INFO  org.testng.internal.Utils - [Utils] MethodGroupsHelper.sortMethods() took 0 ms.
03:09:57.601 [main] INFO  org.testng.internal.Utils - [Utils] MethodGroupsHelper.collectMethodsByGroup() took 0 ms.
03:09:57.601 [main] INFO  org.testng.internal.Utils - [Utils] MethodGroupsHelper.sortMethods() took 0 ms.
03:09:57.601 [main] INFO  org.testng.internal.Utils - [Utils] MethodGroupsHelper.collectMethodsByGroup() took 0 ms.
03:09:57.601 [main] INFO  org.testng.internal.Utils - [Utils] MethodGroupsHelper.sortMethods() took 0 ms.
03:09:57.603 [main] INFO  org.testng.internal.Utils - [Utils] MethodGroupsHelper.collectMethodsByGroup() took 0 ms.
03:09:57.603 [main] INFO  org.testng.internal.Utils - [Utils] MethodGroupsHelper.sortMethods() took 0 ms.
03:09:57.605 [main] INFO  org.testng.internal.Utils - [Utils] MethodGroupsHelper.collectMethodsByGroup() took 1 ms.
03:09:57.605 [main] INFO  org.testng.internal.Utils - [Utils] MethodGroupsHelper.sortMethods() took 0 ms.
03:09:57.606 [main] INFO  org.testng.internal.Utils - [Utils] MethodGroupsHelper.collectMethodsByGroup() took 0 ms.
03:09:57.606 [main] INFO  org.testng.internal.Utils - [Utils] MethodGroupsHelper.sortMethods() took 0 ms.
